<?xml version="1.0" encoding="UTF-8" ?>
<testsuite tests="5" failures="0" name="XsdParserTest" time="0.032" errors="0" skipped="0">
  <properties>
[...]
</properties>
  <testcase classname="XsdParserTest" name="testSimpleTypes" time="0.032"/>
  <testcase classname="XsdParserTest" name="testUnsolvedReferences" time="0"/>
  <testcase classname="XsdParserTest" name="testFirstElementContents" time="0"/>
  <testcase classname="XsdParserTest" name="testElementCount" time="0"/>
  <testcase classname="XsdParserTest" name="testFirstElementAttributes" time="0"/>
</testsuite>